<?xml version="1.0" encoding="UTF-8"?>
<!-- Generated by org.testng.reporters.JUnitReportReporter -->
<testsuite hostname="DESKTOP-1H7995L" failures="0" tests="2" name="testing.cross" time="64.149" errors="0" timestamp="2024-04-10T13:38:42 IST" skipped="0">
  <testcase classname="testing.cross" name="logintest" time="32.677"/>
  <system-out/>
  <testcase classname="testing.cross" name="logintest" time="31.472"/>
  <system-out/>
</testsuite> <!-- testing.cross -->
