<?xml version="1.0" encoding="UTF-8"?>
<!-- Generated by org.testng.reporters.JUnitReportReporter -->
<testsuite hostname="DESKTOP-1H7995L" failures="0" tests="2" name="testing.prac" time="20.675" errors="0" timestamp="2024-04-10T12:28:10 IST" skipped="0">
  <testcase classname="testing.prac" name="logintest" time="13.578"/>
  <system-out/>
  <testcase classname="testing.prac" name="logouttest" time="7.097"/>
  <system-out/>
</testsuite> <!-- testing.prac -->
