<?xml version="1.0" encoding="UTF-8"?>
<!-- Generated by org.testng.reporters.JUnitReportReporter -->
<testsuite hostname="DESKTOP-6BH3IGI" failures="0" tests="1" name="pageTest.login_test" time="3.434" errors="0" timestamp="2025-05-04T11:57:37 IST" skipped="0">
  <testcase classname="pageTest.login_test" name="login_TC1" time="3.434"/>
</testsuite> <!-- pageTest.login_test -->
